<?xml version="1.0" encoding="UTF-8"?>
<testsuite xmlns:xsi="http://www.w3.org/2001/XMLSchema-instance" xsi:noNamespaceSchemaLocation="https://maven.apache.org/surefire/maven-surefire-plugin/xsd/surefire-test-report-3.0.xsd" version="3.0" name="com.escuela.calculadora.CalculadoraCientificaTest" time="0.053" tests="10" errors="0" skipped="0" failures="0">
  <properties>
[...]
</properties>
  <testcase name="testSumar" classname="com.escuela.calculadora.CalculadoraCientificaTest" time="0.02"/>
  <testcase name="testLogaritmos" classname="com.escuela.calculadora.CalculadoraCientificaTest" time="0.002"/>
  <testcase name="testFactorial" classname="com.escuela.calculadora.CalculadoraCientificaTest" time="0.002"/>
  <testcase name="testTrigonometria" classname="com.escuela.calculadora.CalculadoraCientificaTest" time="0.001"/>
  <testcase name="testRaizCuadrada" classname="com.escuela.calculadora.CalculadoraCientificaTest" time="0.001"/>
  <testcase name="testMultiplicar" classname="com.escuela.calculadora.CalculadoraCientificaTest" time="0.0"/>
  <testcase name="testDividir" classname="com.escuela.calculadora.CalculadoraCientificaTest" time="0.001"/>
  <testcase name="testPotencia" classname="com.escuela.calculadora.CalculadoraCientificaTest" time="0.0"/>
  <testcase name="testRestar" classname="com.escuela.calculadora.CalculadoraCientificaTest" time="0.0"/>
  <testcase name="testPorcentaje" classname="com.escuela.calculadora.CalculadoraCientificaTest" time="0.0"/>
</testsuite>